g:\develop\ex\cpp-learn\learn\01 hello\01 hello\debug\vc142.pdb
g:\develop\ex\cpp-learn\learn\01 hello\01 hello\debug\vc142.idb
g:\develop\ex\cpp-learn\learn\01 hello\01 hello\debug\常量.obj
g:\develop\ex\cpp-learn\learn\01 hello\01 hello\debug\01 helloworld.obj
g:\develop\ex\cpp-learn\learn\01 hello\01 hello\debug\实型.obj
g:\develop\ex\cpp-learn\learn\01 hello\01 hello\debug\字符型.obj
g:\develop\ex\cpp-learn\learn\01 hello\debug\01 hello.pdb
g:\develop\ex\cpp-learn\learn\01 hello\01 hello\debug\01 hello.tlog\cl.command.1.tlog
g:\develop\ex\cpp-learn\learn\01 hello\01 hello\debug\01 hello.tlog\cl.read.1.tlog
g:\develop\ex\cpp-learn\learn\01 hello\01 hello\debug\01 hello.tlog\cl.write.1.tlog
g:\develop\ex\cpp-learn\learn\01 hello\01 hello\debug\01 hello.tlog\link-cvtres.read.1.tlog
g:\develop\ex\cpp-learn\learn\01 hello\01 hello\debug\01 hello.tlog\link-cvtres.write.1.tlog
g:\develop\ex\cpp-learn\learn\01 hello\01 hello\debug\01 hello.tlog\link-rc.read.1.tlog
g:\develop\ex\cpp-learn\learn\01 hello\01 hello\debug\01 hello.tlog\link-rc.write.1.tlog
g:\develop\ex\cpp-learn\learn\01 hello\01 hello\debug\01 hello.tlog\link.15076-cvtres.read.1.tlog
g:\develop\ex\cpp-learn\learn\01 hello\01 hello\debug\01 hello.tlog\link.15076-cvtres.write.1.tlog
g:\develop\ex\cpp-learn\learn\01 hello\01 hello\debug\01 hello.tlog\link.15076-rc.read.1.tlog
g:\develop\ex\cpp-learn\learn\01 hello\01 hello\debug\01 hello.tlog\link.15076-rc.write.1.tlog
g:\develop\ex\cpp-learn\learn\01 hello\01 hello\debug\01 hello.tlog\link.15076.read.1.tlog
g:\develop\ex\cpp-learn\learn\01 hello\01 hello\debug\01 hello.tlog\link.15076.write.1.tlog
g:\develop\ex\cpp-learn\learn\01 hello\01 hello\debug\01 hello.tlog\link.command.1.tlog
g:\develop\ex\cpp-learn\learn\01 hello\01 hello\debug\01 hello.tlog\link.read.1.tlog
g:\develop\ex\cpp-learn\learn\01 hello\01 hello\debug\01 hello.tlog\link.write.1.tlog
